0 info it worked if it ends with ok
1 verbose cli [ 'node', '/usr/local/bin/npm', 'install', 'grunt-scss-lint' ]
2 info using npm@1.4.3
3 info using node@v0.10.26
4 warn package.json scaffold@0.2.1 No repository field.
5 verbose readDependencies using package.json deps
6 verbose cache add [ 'grunt-scss-lint', null ]
7 verbose cache add name=undefined spec="grunt-scss-lint" args=["grunt-scss-lint",null]
8 verbose parsed url { protocol: null,
8 verbose parsed url   slashes: null,
8 verbose parsed url   auth: null,
8 verbose parsed url   host: null,
8 verbose parsed url   port: null,
8 verbose parsed url   hostname: null,
8 verbose parsed url   hash: null,
8 verbose parsed url   search: null,
8 verbose parsed url   query: null,
8 verbose parsed url   pathname: 'grunt-scss-lint',
8 verbose parsed url   path: 'grunt-scss-lint',
8 verbose parsed url   href: 'grunt-scss-lint' }
9 silly lockFile 36ddc088-grunt-scss-lint grunt-scss-lint
10 verbose lock grunt-scss-lint /Users/Q/.npm/36ddc088-grunt-scss-lint.lock
11 silly lockFile 36ddc088-grunt-scss-lint grunt-scss-lint
12 silly lockFile 36ddc088-grunt-scss-lint grunt-scss-lint
13 verbose addNamed [ 'grunt-scss-lint', '' ]
14 verbose addNamed [ null, '*' ]
15 silly lockFile c2e3d354-grunt-scss-lint grunt-scss-lint@
16 verbose lock grunt-scss-lint@ /Users/Q/.npm/c2e3d354-grunt-scss-lint.lock
17 silly addNameRange { name: 'grunt-scss-lint', range: '*', hasData: false }
18 verbose url raw grunt-scss-lint
19 verbose url resolving [ 'https://registry.npmjs.org/', './grunt-scss-lint' ]
20 verbose url resolved https://registry.npmjs.org/grunt-scss-lint
21 info trying registry request attempt 1 at 13:22:13
22 verbose etag "DVCCUGS5PEODPT4WUWGFR0BA1"
23 http GET https://registry.npmjs.org/grunt-scss-lint
24 http 304 https://registry.npmjs.org/grunt-scss-lint
25 silly registry.get cb [ 304,
25 silly registry.get   { date: 'Sun, 01 Jun 2014 19:22:14 GMT',
25 silly registry.get     server: 'Apache',
25 silly registry.get     via: '1.1 varnish',
25 silly registry.get     'last-modified': 'Sun, 01 Jun 2014 19:22:14 GMT',
25 silly registry.get     'cache-control': 'max-age=1',
25 silly registry.get     etag: '"DVCCUGS5PEODPT4WUWGFR0BA1"',
25 silly registry.get     'x-served-by': 'cache-c31-CHI',
25 silly registry.get     'x-cache': 'MISS',
25 silly registry.get     'x-cache-hits': '0',
25 silly registry.get     'x-timer': 'S1401650534.117498,VS0,VE23',
25 silly registry.get     vary: 'Accept',
25 silly registry.get     'content-length': '0',
25 silly registry.get     'keep-alive': 'timeout=10, max=50',
25 silly registry.get     connection: 'Keep-Alive' } ]
26 verbose etag grunt-scss-lint from cache
27 silly addNameRange number 2 { name: 'grunt-scss-lint', range: '*', hasData: true }
28 silly addNameRange versions [ 'grunt-scss-lint',
28 silly addNameRange   [ '0.0.1',
28 silly addNameRange     '0.0.2',
28 silly addNameRange     '0.0.3',
28 silly addNameRange     '0.0.4',
28 silly addNameRange     '0.0.5',
28 silly addNameRange     '0.0.6',
28 silly addNameRange     '0.0.7',
28 silly addNameRange     '0.0.9',
28 silly addNameRange     '0.1.0',
28 silly addNameRange     '0.1.1',
28 silly addNameRange     '0.1.2',
28 silly addNameRange     '0.1.3',
28 silly addNameRange     '0.1.4',
28 silly addNameRange     '0.1.5',
28 silly addNameRange     '0.1.6',
28 silly addNameRange     '0.1.7',
28 silly addNameRange     '0.1.8',
28 silly addNameRange     '0.1.9' ] ]
29 verbose addNamed [ 'grunt-scss-lint', '0.1.9' ]
30 verbose addNamed [ '0.1.9', '0.1.9' ]
31 silly lockFile f9e2a81c-grunt-scss-lint-0-1-9 grunt-scss-lint@0.1.9
32 verbose lock grunt-scss-lint@0.1.9 /Users/Q/.npm/f9e2a81c-grunt-scss-lint-0-1-9.lock
33 silly lockFile f9e2a81c-grunt-scss-lint-0-1-9 grunt-scss-lint@0.1.9
34 silly lockFile f9e2a81c-grunt-scss-lint-0-1-9 grunt-scss-lint@0.1.9
35 silly lockFile c2e3d354-grunt-scss-lint grunt-scss-lint@
36 silly lockFile c2e3d354-grunt-scss-lint grunt-scss-lint@
37 silly resolved [ { name: 'grunt-scss-lint',
37 silly resolved     description: 'Validate `.scss` files with `scss-lint`.',
37 silly resolved     version: '0.1.9',
37 silly resolved     homepage: 'https://github.com/ahmednuaman/grunt-scss-lint',
37 silly resolved     author: { name: 'Ahmed Nuaman', url: 'http://ahmednuaman.com/' },
37 silly resolved     contributors: [ [Object] ],
37 silly resolved     repository:
37 silly resolved      { type: 'git',
37 silly resolved        url: 'git://github.com/ahmednuaman/grunt-scss-lint.git' },
37 silly resolved     bugs: { url: 'https://github.com/ahmednuaman/grunt-scss-lint/issues' },
37 silly resolved     licenses: [ [Object] ],
37 silly resolved     engines: { node: '>= 0.8.0' },
37 silly resolved     scripts: { test: 'grunt test' },
37 silly resolved     dependencies: { lodash: '2.4.1', xmlbuilder: '2.2.1' },
37 silly resolved     devDependencies:
37 silly resolved      { 'grunt-contrib-jshint': '0.10.0',
37 silly resolved        'grunt-contrib-nodeunit': '0.3.3',
37 silly resolved        'grunt-contrib-internal': '0.4.9',
37 silly resolved        'grunt-jscs-checker': '0.4.1',
37 silly resolved        grunt: '>=0.4.4',
37 silly resolved        chalk: '0.4.0' },
37 silly resolved     peerDependencies: { grunt: '>=0.4.4' },
37 silly resolved     keywords: [ 'gruntplugin', 'scss', 'lint', 'scss-lint', 'junit' ],
37 silly resolved     readme: '# grunt-scss-lint\n[![Build Status](https://travis-ci.org/ahmednuaman/grunt-scss-lint.png?branch=master)](https://travis-ci.org/ahmednuaman/grunt-scss-lint) [![Code Climate](https://codeclimate.com/github/ahmednuaman/grunt-scss-lint.png)](https://codeclimate.com/github/ahmednuaman/grunt-scss-lint) [![NPM version](https://badge.fury.io/js/grunt-scss-lint.png)](http://badge.fury.io/js/grunt-scss-lint)\n\n> Lint your `.scss` files\n\n## Getting Started\nThis plugin requires Grunt `>= 0.4.0` and [scss-lint](https://github.com/causes/scss-lint) `>= 0.18.0`.\n\nIf you haven\'t used [Grunt](http://gruntjs.com/) before, be sure to check out the [Getting Started](http://gruntjs.com/getting-started) guide, as it explains how to create a [Gruntfile](http://gruntjs.com/sample-gruntfile) as well as install and use Grunt plugins. Once you\'re familiar with that process, you may install this plugin with this command:\n\n```shell\nnpm install grunt-scss-lint --save-dev\n```\n\nOnce the plugin has been installed, it may be enabled inside your Gruntfile with this line of JavaScript:\n\n```js\ngrunt.loadNpmTasks(\'grunt-scss-lint\');\n```\n\n## Scss-lint task\n_Run this task with the `grunt scsslint` command._\n\n[scss-lint](https://github.com/causes/scss-lint) is a Ruby gem written by [The Causes Engineering Team](https://github.com/causes), this plugin is simply a grunt wrapper for the gem.\n\nThis task requires you to have [Ruby](http://www.ruby-lang.org/en/downloads/), and [scss-lint](https://github.com/causes/scss-lint#installation) installed. If you\'re on OS X or Linux you probably already have Ruby installed; test with `ruby -v` in your terminal. When you\'ve confirmed you have Ruby installed, run `gem update --system && gem install scss-lint` to install the `scss-lint` gem.\n\n### Options\n\n#### bundleExec\n\n- Type: `Boolean`\n- Default: `false`\n\nYou can choose to have your gems installed via [bundler](http://bundler.io) and if so, set this option to `true` to use the local gems.\n\n#### colorizeOutput\n\n- Type: `Boolean`\n- Default: `true`\n\nGet some nice looking output.\n\n#### config\n\n- Type: `String`\n- Default: `scss-lint`\'s [default config file](https://github.com/causes/scss-lint/blob/master/config/default.yml).\n\n~~**[Note that this isn\'t working correctly yet](https://github.com/causes/scss-lint/issues/46).**~~\n\n#### reporterOutput\n\n- Type: `String`\n- Default: `null`\n\nThe jUnit XML file to save the output to. If you don\'t want this then set the option as `null`.\n\n### Usage Examples\n\n#### Example config\n\n```javascript\ngrunt.initConfig({\n  scsslint: {\n    allFiles: [\n      \'test/fixtures/*.scss\',\n    ],\n    options: {\n      bundleExec: true,\n      config: \'.scss-lint.yml\',\n      reporterOutput: \'scss-lint-report.xml\',\n      colorizeOutput: true\n    },\n  }\n});\n\ngrunt.loadNpmTasks(\'grunt-scss-lint\');\n\ngrunt.registerTask(\'default\', [\'scsslint\']);\n```\n\n### Exit error codes\nIf you\'re having problems with the task exiting with an error code, then have a look here: [https://github.com/causes/scss-lint/blob/master/lib/scss_lint/cli.rb](https://github.com/causes/scss-lint/blob/master/lib/scss_lint/cli.rb)',
37 silly resolved     readmeFilename: 'README.md',
37 silly resolved     _id: 'grunt-scss-lint@0.1.9',
37 silly resolved     _from: 'grunt-scss-lint@' } ]
38 info install grunt-scss-lint@0.1.9 into /Users/Q/Sites/scaffold
39 info installOne grunt-scss-lint@0.1.9
40 info /Users/Q/Sites/scaffold/node_modules/grunt-scss-lint unbuild
41 info preuninstall grunt-scss-lint@0.1.9
42 info uninstall grunt-scss-lint@0.1.9
43 verbose true,/Users/Q/Sites/scaffold/node_modules,/Users/Q/Sites/scaffold/node_modules unbuild grunt-scss-lint@0.1.9
44 info postuninstall grunt-scss-lint@0.1.9
45 verbose tar unpack /Users/Q/.npm/grunt-scss-lint/0.1.9/package.tgz
46 silly lockFile f7648a6f-old-node-modules-grunt-scss-lint tar:///Users/Q/Sites/scaffold/node_modules/grunt-scss-lint
47 verbose lock tar:///Users/Q/Sites/scaffold/node_modules/grunt-scss-lint /Users/Q/.npm/f7648a6f-old-node-modules-grunt-scss-lint.lock
48 silly lockFile 253ce4a1-runt-scss-lint-0-1-9-package-tgz tar:///Users/Q/.npm/grunt-scss-lint/0.1.9/package.tgz
49 verbose lock tar:///Users/Q/.npm/grunt-scss-lint/0.1.9/package.tgz /Users/Q/.npm/253ce4a1-runt-scss-lint-0-1-9-package-tgz.lock
50 silly gunzTarPerm modes [ '755', '644' ]
51 silly gunzTarPerm extractEntry package.json
52 silly gunzTarPerm extractEntry .npmignore
53 silly gunzTarPerm extractEntry README.md
54 silly gunzTarPerm extractEntry LICENSE
55 silly gunzTarPerm extractEntry Gruntfile.js
56 silly gunzTarPerm extractEntry Gemfile
57 silly gunzTarPerm extractEntry CHANGELOG
58 silly gunzTarPerm extractEntry CONTRIBUTING.md
59 silly gunzTarPerm extractEntry .jshintrc
60 silly gunzTarPerm extractEntry Gemfile.lock
61 silly gunzTarPerm extractEntry .jscsrc
62 silly gunzTarPerm extractEntry .scss-lint.yml
63 silly gunzTarPerm extractEntry .travis.yml
64 silly gunzTarPerm extractEntry AUTHORS
65 silly gunzTarPerm extractEntry scss-lint-report.xml
66 silly gunzTarPerm extractEntry tasks/scss-lint.js
67 silly gunzTarPerm extractEntry tasks/lib/scss-lint.js
68 silly gunzTarPerm extractEntry test/scss-lint-test.js
69 silly gunzTarPerm extractEntry test/fixtures/.scss-lint-test.yml
70 silly gunzTarPerm extractEntry test/fixtures/fail.scss
71 silly gunzTarPerm extractEntry test/fixtures/pass.scss
72 silly lockFile f7648a6f-old-node-modules-grunt-scss-lint tar:///Users/Q/Sites/scaffold/node_modules/grunt-scss-lint
73 silly lockFile f7648a6f-old-node-modules-grunt-scss-lint tar:///Users/Q/Sites/scaffold/node_modules/grunt-scss-lint
74 silly lockFile 253ce4a1-runt-scss-lint-0-1-9-package-tgz tar:///Users/Q/.npm/grunt-scss-lint/0.1.9/package.tgz
75 silly lockFile 253ce4a1-runt-scss-lint-0-1-9-package-tgz tar:///Users/Q/.npm/grunt-scss-lint/0.1.9/package.tgz
76 info preinstall grunt-scss-lint@0.1.9
77 verbose readDependencies using package.json deps
78 verbose readDependencies using package.json deps
79 verbose cache add [ 'lodash@2.4.1', null ]
80 verbose cache add name=undefined spec="lodash@2.4.1" args=["lodash@2.4.1",null]
81 verbose parsed url { protocol: null,
81 verbose parsed url   slashes: null,
81 verbose parsed url   auth: null,
81 verbose parsed url   host: null,
81 verbose parsed url   port: null,
81 verbose parsed url   hostname: null,
81 verbose parsed url   hash: null,
81 verbose parsed url   search: null,
81 verbose parsed url   query: null,
81 verbose parsed url   pathname: 'lodash@2.4.1',
81 verbose parsed url   path: 'lodash@2.4.1',
81 verbose parsed url   href: 'lodash@2.4.1' }
82 verbose cache add name="lodash" spec="2.4.1" args=["lodash","2.4.1"]
83 verbose parsed url { protocol: null,
83 verbose parsed url   slashes: null,
83 verbose parsed url   auth: null,
83 verbose parsed url   host: null,
83 verbose parsed url   port: null,
83 verbose parsed url   hostname: null,
83 verbose parsed url   hash: null,
83 verbose parsed url   search: null,
83 verbose parsed url   query: null,
83 verbose parsed url   pathname: '2.4.1',
83 verbose parsed url   path: '2.4.1',
83 verbose parsed url   href: '2.4.1' }
84 verbose addNamed [ 'lodash', '2.4.1' ]
85 verbose addNamed [ '2.4.1', '2.4.1' ]
86 silly lockFile 8502be2a-lodash-2-4-1 lodash@2.4.1
87 verbose lock lodash@2.4.1 /Users/Q/.npm/8502be2a-lodash-2-4-1.lock
88 verbose cache add [ 'xmlbuilder@2.2.1', null ]
89 verbose cache add name=undefined spec="xmlbuilder@2.2.1" args=["xmlbuilder@2.2.1",null]
90 verbose parsed url { protocol: null,
90 verbose parsed url   slashes: null,
90 verbose parsed url   auth: null,
90 verbose parsed url   host: null,
90 verbose parsed url   port: null,
90 verbose parsed url   hostname: null,
90 verbose parsed url   hash: null,
90 verbose parsed url   search: null,
90 verbose parsed url   query: null,
90 verbose parsed url   pathname: 'xmlbuilder@2.2.1',
90 verbose parsed url   path: 'xmlbuilder@2.2.1',
90 verbose parsed url   href: 'xmlbuilder@2.2.1' }
91 verbose cache add name="xmlbuilder" spec="2.2.1" args=["xmlbuilder","2.2.1"]
92 verbose parsed url { protocol: null,
92 verbose parsed url   slashes: null,
92 verbose parsed url   auth: null,
92 verbose parsed url   host: null,
92 verbose parsed url   port: null,
92 verbose parsed url   hostname: null,
92 verbose parsed url   hash: null,
92 verbose parsed url   search: null,
92 verbose parsed url   query: null,
92 verbose parsed url   pathname: '2.2.1',
92 verbose parsed url   path: '2.2.1',
92 verbose parsed url   href: '2.2.1' }
93 verbose addNamed [ 'xmlbuilder', '2.2.1' ]
94 verbose addNamed [ '2.2.1', '2.2.1' ]
95 silly lockFile 2c940f33-xmlbuilder-2-2-1 xmlbuilder@2.2.1
96 verbose lock xmlbuilder@2.2.1 /Users/Q/.npm/2c940f33-xmlbuilder-2-2-1.lock
97 verbose url raw lodash/2.4.1
98 verbose url resolving [ 'https://registry.npmjs.org/', './lodash/2.4.1' ]
99 verbose url resolved https://registry.npmjs.org/lodash/2.4.1
100 info trying registry request attempt 1 at 13:22:13
101 verbose etag "EEG822DM5YLDL309CHI1J9GY7"
102 http GET https://registry.npmjs.org/lodash/2.4.1
103 verbose url raw xmlbuilder/2.2.1
104 verbose url resolving [ 'https://registry.npmjs.org/', './xmlbuilder/2.2.1' ]
105 verbose url resolved https://registry.npmjs.org/xmlbuilder/2.2.1
106 info trying registry request attempt 1 at 13:22:13
107 verbose etag "CFB2ACZ3HT63XEKKOMGZKZBJL"
108 http GET https://registry.npmjs.org/xmlbuilder/2.2.1
109 http 304 https://registry.npmjs.org/lodash/2.4.1
110 silly registry.get cb [ 304,
110 silly registry.get   { date: 'Sun, 01 Jun 2014 19:22:14 GMT',
110 silly registry.get     server: 'Apache',
110 silly registry.get     via: '1.1 varnish',
110 silly registry.get     'last-modified': 'Sun, 01 Jun 2014 19:22:14 GMT',
110 silly registry.get     'cache-control': 'max-age=1',
110 silly registry.get     etag: '"EEG822DM5YLDL309CHI1J9GY7"',
110 silly registry.get     'x-served-by': 'cache-c32-CHI',
110 silly registry.get     'x-cache': 'MISS',
110 silly registry.get     'x-cache-hits': '0',
110 silly registry.get     'x-timer': 'S1401650534.496673,VS0,VE30',
110 silly registry.get     vary: 'Accept',
110 silly registry.get     'content-length': '0',
110 silly registry.get     'keep-alive': 'timeout=10, max=50',
110 silly registry.get     connection: 'Keep-Alive' } ]
111 verbose etag lodash/2.4.1 from cache
112 http 304 https://registry.npmjs.org/xmlbuilder/2.2.1
113 silly registry.get cb [ 304,
113 silly registry.get   { date: 'Sun, 01 Jun 2014 19:22:14 GMT',
113 silly registry.get     server: 'Apache',
113 silly registry.get     via: '1.1 varnish',
113 silly registry.get     'last-modified': 'Sun, 01 Jun 2014 19:22:14 GMT',
113 silly registry.get     'cache-control': 'max-age=1',
113 silly registry.get     etag: '"CFB2ACZ3HT63XEKKOMGZKZBJL"',
113 silly registry.get     'x-served-by': 'cache-c99-CHI',
113 silly registry.get     'x-cache': 'MISS',
113 silly registry.get     'x-cache-hits': '0',
113 silly registry.get     'x-timer': 'S1401650534.499633,VS0,VE30',
113 silly registry.get     vary: 'Accept',
113 silly registry.get     'content-length': '0',
113 silly registry.get     'keep-alive': 'timeout=10, max=50',
113 silly registry.get     connection: 'Keep-Alive' } ]
114 verbose etag xmlbuilder/2.2.1 from cache
115 silly lockFile 8502be2a-lodash-2-4-1 lodash@2.4.1
116 silly lockFile 8502be2a-lodash-2-4-1 lodash@2.4.1
117 silly lockFile 2c940f33-xmlbuilder-2-2-1 xmlbuilder@2.2.1
118 silly lockFile 2c940f33-xmlbuilder-2-2-1 xmlbuilder@2.2.1
119 silly resolved [ { name: 'lodash',
119 silly resolved     version: '2.4.1',
119 silly resolved     description: 'A utility library delivering consistency, customization, performance, & extras.',
119 silly resolved     homepage: 'http://lodash.com/',
119 silly resolved     license: 'MIT',
119 silly resolved     main: 'dist/lodash.js',
119 silly resolved     keywords:
119 silly resolved      [ 'amd',
119 silly resolved        'browser',
119 silly resolved        'client',
119 silly resolved        'customize',
119 silly resolved        'functional',
119 silly resolved        'server',
119 silly resolved        'util' ],
119 silly resolved     author:
119 silly resolved      { name: 'John-David Dalton',
119 silly resolved        email: 'john.david.dalton@gmail.com',
119 silly resolved        url: 'http://allyoucanleet.com/' },
119 silly resolved     contributors: [ [Object], [Object], [Object], [Object] ],
119 silly resolved     bugs: { url: 'https://github.com/lodash/lodash/issues' },
119 silly resolved     repository: { type: 'git', url: 'https://github.com/lodash/lodash.git' },
119 silly resolved     engines: [ 'node', 'rhino' ],
119 silly resolved     files:
119 silly resolved      [ 'LICENSE.txt',
119 silly resolved        'lodash.js',
119 silly resolved        'dist/lodash.js',
119 silly resolved        'dist/lodash.min.js',
119 silly resolved        'dist/lodash.compat.js',
119 silly resolved        'dist/lodash.compat.min.js',
119 silly resolved        'dist/lodash.underscore.js',
119 silly resolved        'dist/lodash.underscore.min.js' ],
119 silly resolved     jam: { main: 'dist/lodash.compat.js', include: [Object] },
119 silly resolved     volo: { type: 'directory', ignore: [Object] },
119 silly resolved     readme: '# Lo-Dash v2.4.1\nA utility library delivering consistency, [customization](http://lodash.com/custom-builds), [performance](http://lodash.com/benchmarks), & [extras](http://lodash.com/#features).\n\n## Download\n\nCheck out our [wiki]([https://github.com/lodash/lodash/wiki/build-differences]) for details over the differences between builds.\n\n* Modern builds perfect for newer browsers/environments:<br>\n[Development](https://raw.github.com/lodash/lodash/2.4.1/dist/lodash.js) &\n[Production](https://raw.github.com/lodash/lodash/2.4.1/dist/lodash.min.js)\n\n* Compatibility builds for older environment support too:<br>\n[Development](https://raw.github.com/lodash/lodash/2.4.1/dist/lodash.compat.js) &\n[Production](https://raw.github.com/lodash/lodash/2.4.1/dist/lodash.compat.min.js)\n\n* Underscore builds to use as a drop-in replacement:<br>\n[Development](https://raw.github.com/lodash/lodash/2.4.1/dist/lodash.underscore.js) &\n[Production](https://raw.github.com/lodash/lodash/2.4.1/dist/lodash.underscore.min.js)\n\nCDN copies are available on [cdnjs](http://cdnjs.com/libraries/lodash.js/) & [jsDelivr](http://www.jsdelivr.com/#!lodash). For smaller file sizes, create [custom builds](http://lodash.com/custom-builds) with only the features needed.\n\nLove modules? We’ve got you covered with [lodash-amd](https://npmjs.org/package/lodash-amd), [lodash-es6](https://github.com/lodash/lodash-es6), [lodash-node](https://npmjs.org/package/lodash-node), & [npm packages](https://npmjs.org/browse/keyword/lodash-modularized) per method.\n\n## Dive in\n\nThere’s plenty of **[documentation](http://lodash.com/docs)**, [unit tests](http://lodash.com/tests), & [benchmarks](http://lodash.com/benchmarks).<br>\nCheck out <a href="http://devdocs.io/lodash/">DevDocs</a> as a fast, organized, & searchable interface for our documentation.\n\nThe full changelog for this release is available on our [wiki](https://github.com/lodash/lodash/wiki/Changelog).<br>\nA list of upcoming features is available on our [roadmap](https://github.com/lodash/lodash/wiki/Roadmap).\n\n## Features *not* in Underscore\n\n * AMD loader support ([curl](https://github.com/cujojs/curl), [dojo](http://dojotoolkit.org/), [requirejs](http://requirejs.org/), etc.)\n * [_(…)](http://lodash.com/docs#_) supports intuitive chaining\n * [_.at](http://lodash.com/docs#at) for cherry-picking collection values\n * [_.bindKey](http://lodash.com/docs#bindKey) for binding [*“lazy”*](http://michaux.ca/articles/lazy-function-definition-pattern) defined methods\n * [_.clone](http://lodash.com/docs#clone) supports shallow cloning of `Date` & `RegExp` objects\n * [_.cloneDeep](http://lodash.com/docs#cloneDeep) for deep cloning arrays & objects\n * [_.constant](http://lodash.com/docs#constant) & [_.property](http://lodash.com/docs#property) function generators for composing functions\n * [_.contains](http://lodash.com/docs#contains) accepts a `fromIndex`\n * [_.create](http://lodash.com/docs#create) for easier object inheritance\n * [_.createCallback](http://lodash.com/docs#createCallback) for extending callbacks in methods & mixins\n * [_.curry](http://lodash.com/docs#curry) for creating [curried](http://hughfdjackson.com/javascript/2013/07/06/why-curry-helps/) functions\n * [_.debounce](http://lodash.com/docs#debounce) & [_.throttle](http://lodash.com/docs#throttle) accept additional `options` for more control\n * [_.findIndex](http://lodash.com/docs#findIndex) & [_.findKey](http://lodash.com/docs#findKey) for finding indexes & keys\n * [_.forEach](http://lodash.com/docs#forEach) is chainable & supports exiting early\n * [_.forIn](http://lodash.com/docs#forIn) for iterating own & inherited properties\n * [_.forOwn](http://lodash.com/docs#forOwn) for iterating own properties\n * [_.isPlainObject](http://lodash.com/docs#isPlainObject) for checking if values are created by `Object`\n * [_.mapValues](http://lodash.com/docs#mapValues) for [mapping](http://lodash.com/docs#map) values to an object\n * [_.memoize](http://lodash.com/docs#memoize) exposes the `cache` of memoized functions\n * [_.merge](http://lodash.com/docs#merge) for a deep [_.extend](http://lodash.com/docs#extend)\n * [_.noop](http://lodash.com/docs#noop) for function placeholders\n * [_.now](http://lodash.com/docs#now) as a cross-browser `Date.now` alternative\n * [_.parseInt](http://lodash.com/docs#parseInt) for consistent behavior\n * [_.pull](http://lodash.com/docs#pull) & [_.remove](http://lodash.com/docs#remove) for mutating arrays\n * [_.random](http://lodash.com/docs#random) supports returning floating-point numbers\n * [_.runInContext](http://lodash.com/docs#runInContext) for easier mocking\n * [_.sortBy](http://lodash.com/docs#sortBy) supports sorting by multiple properties\n * [_.support](http://lodash.com/docs#support) for flagging environment features\n * [_.template](http://lodash.com/docs#template) supports [*“imports”*](http://lodash.com/docs#templateSettings_imports) options & [ES6 template delimiters](http://people.mozilla.org/~jorendorff/es6-draft.html#sec-literals-string-literals)\n * [_.transform](http://lodash.com/docs#transform) as a powerful alternative to [_.reduce](http://lodash.com/docs#reduce) for transforming objects\n * [_.where](http://lodash.com/docs#where) supports deep object comparisons\n * [_.xor](http://lodash.com/docs#xor) as a companion to [_.difference](http://lodash.com/docs#difference), [_.intersection](http://lodash.com/docs#intersection), & [_.union](http://lodash.com/docs#union)\n * [_.zip](http://lodash.com/docs#zip) is capable of unzipping values\n * [_.omit](http://lodash.com/docs#omit), [_.pick](http://lodash.com/docs#pick), &\n   [more](http://lodash.com/docs "_.assign, _.clone, _.cloneDeep, _.first, _.initial, _.isEqual, _.last, _.merge, _.rest") accept callbacks\n * [_.contains](http://lodash.com/docs#contains), [_.toArray](http://lodash.com/docs#toArray), &\n   [more](http://lodash.com/docs "_.at, _.countBy, _.every, _.filter, _.find, _.forEach, _.forEachRight, _.groupBy, _.invoke, _.map, _.max, _.min, _.pluck, _.reduce, _.reduceRight, _.reject, _.shuffle, _.size, _.some, _.sortBy, _.where") accept strings\n * [_.filter](http://lodash.com/docs#filter), [_.map](http://lodash.com/docs#map), &\n   [more](http://lodash.com/docs "_.countBy, _.every, _.find, _.findKey, _.findLast, _.findLastIndex, _.findLastKey, _.first, _.groupBy, _.initial, _.last, _.max, _.min, _.reject, _.rest, _.some, _.sortBy, _.sortedIndex, _.uniq") support *“_.pluck”* & *“_.where”* shorthands\n * [_.findLast](http://lodash.com/docs#findLast), [_.findLastIndex](http://lodash.com/docs#findLastIndex), &\n   [more](http://lodash.com/docs "_.findLastKey, _.forEachRight, _.forInRight, _.forOwnRight, _.partialRight") right-associative methods\n\n## Resources\n\n * Podcasts\n  - [JavaScript Jabber](http://javascriptjabber.com/079-jsj-lo-dash-with-john-david-dalton/)\n\n * Posts\n  - [Say “Hello” to Lo-Dash](http://kitcambridge.be/blog/say-hello-to-lo-dash/)\n  - [Custom builds in Lo-Dash 2.0](http://kitcambridge.be/blog/custom-builds-in-lo-dash-2-dot-0/)\n\n * Videos\n  - [Introduction](https://vimeo.com/44154599)\n  - [Origins](https://vimeo.com/44154600)\n  - [Optimizations & builds](https://vimeo.com/44154601)\n  - [Native method use](https://vimeo.com/48576012)\n  - [Testing](https://vimeo.com/45865290)\n  - [CascadiaJS ’12](http://www.youtube.com/watch?v=dpPy4f_SeEk)\n\n A list of other community created podcasts, posts, & videos is available on our [wiki](https://github.com/lodash/lodash/wiki/Resources).\n\n## Support\n\nTested in Chrome 5~31, Firefox 2~25, IE 6-11, Opera 9.25~17, Safari 3-7, Node.js 0.6.21~0.10.22, Narwhal 0.3.2, PhantomJS 1.9.2, RingoJS 0.9, & Rhino 1.7RC5.<br>\nAutomated browser test results [are available](https://saucelabs.com/u/lodash) as well as [Travis CI](https://travis-ci.org/) builds for [lodash](https://travis-ci.org/lodash/lodash/), [lodash-cli](https://travis-ci.org/lodash/lodash-cli/), [lodash-amd](https://travis-ci.org/lodash/lodash-amd/), [lodash-node](https://travis-ci.org/lodash/lodash-node/), & [grunt-lodash](https://travis-ci.org/lodash/grunt-lodash).\n\nSpecial thanks to [Sauce Labs](https://saucelabs.com/) for providing automated browser testing.<br>\n[![Sauce Labs](http://lodash.com/_img/sauce.png)](https://saucelabs.com/ "Sauce Labs: Selenium Testing & More")\n\n## Installation & usage\n\nIn browsers:\n\n```html\n<script src="lodash.js"></script>\n```\n\nUsing [`npm`](http://npmjs.org/):\n\n```bash\nnpm i --save lodash\n\n{sudo} npm i -g lodash\nnpm ln lodash\n```\n\nIn [Node.js](http://nodejs.org/) & [Ringo](http://ringojs.org/):\n\n```js\nvar _ = require(\'lodash\');\n// or as Underscore\nvar _ = require(\'lodash/dist/lodash.underscore\');\n```\n\n**Notes:**\n * Don’t assign values to [special variable](http://nodejs.org/api/repl.html#repl_repl_features) `_` when in the REPL\n * If Lo-Dash is installed globally, run [`npm ln lodash`](http://blog.nodejs.org/2011/03/23/npm-1-0-global-vs-local-installation/) in your project’s root directory *before* requiring it\n\nIn [Rhino](http://www.mozilla.org/rhino/):\n\n```js\nload(\'lodash.js\');\n```\n\nIn an AMD loader:\n\n```js\nrequire({\n  \'packages\': [\n    { \'name\': \'lodash\', \'location\': \'path/to/lodash\', \'main\': \'lodash\' }\n  ]\n},\n[\'lodash\'], function(_) {\n  console.log(_.VERSION);\n});\n```\n\n## Author\n\n| [![twitter/jdalton](http://gravatar.com/avatar/299a3d891ff1920b69c364d061007043?s=70)](https://twitter.com/jdalton "Follow @jdalton on Twitter") |\n|---|\n| [John-David Dalton](http://allyoucanleet.com/) |\n\n## Contributors\n\n| [![twitter/blainebublitz](http://gravatar.com/avatar/ac1c67fd906c9fecd823ce302283b4c1?s=70)](https://twitter.com/blainebublitz "Follow @BlaineBublitz on Twitter") | [![twitter/kitcambridge](http://gravatar.com/avatar/6662a1d02f351b5ef2f8b4d815804661?s=70)](https://twitter.com/kitcambridge "Follow @kitcambridge on Twitter") | [![twitter/mathias](http://gravatar.com/avatar/24e08a9ea84deb17ae121074d0f17125?s=70)](https://twitter.com/mathias "Follow @mathias on Twitter") |\n|---|---|---|\n| [Blaine Bublitz](http://www.iceddev.com/) | [Kit Cambridge](http://kitcambridge.be/) | [Mathias Bynens](http://mathiasbynens.be/) |\n\n[![Bitdeli Badge](https://d2weczhvl823v0.cloudfront.net/lodash/lodash/trend.png)](https://bitdeli.com/free "Bitdeli Badge")\n',
119 silly resolved     readmeFilename: 'README.md',
119 silly resolved     _id: 'lodash@2.4.1',
119 silly resolved     _from: 'lodash@2.4.1' },
119 silly resolved   { name: 'xmlbuilder',
119 silly resolved     version: '2.2.1',
119 silly resolved     keywords: [ 'xml', 'xmlbuilder' ],
119 silly resolved     homepage: 'http://github.com/oozcitak/xmlbuilder-js',
119 silly resolved     description: 'An XML builder for node.js',
119 silly resolved     author: { name: 'Ozgur Ozcitak', email: 'oozcitak@gmail.com' },
119 silly resolved     licenses: [ [Object] ],
119 silly resolved     repository:
119 silly resolved      { type: 'git',
119 silly resolved        url: 'git://github.com/oozcitak/xmlbuilder-js.git' },
119 silly resolved     bugs: { url: 'http://github.com/oozcitak/xmlbuilder-js/issues' },
119 silly resolved     main: './lib/index',
119 silly resolved     engines: { node: '0.8.x || 0.10.x' },
119 silly resolved     dependencies: { 'lodash-node': '~2.4.1' },
119 silly resolved     devDependencies: { 'coffee-script': '~1.6.3', vows: '*', memwatch: '*' },
119 silly resolved     scripts:
119 silly resolved      { prepublish: 'coffee -co lib/ src/*.coffee',
119 silly resolved        postpublish: 'rm -rf lib',
119 silly resolved        test: 'vows test/*' },
119 silly resolved     readme: '# xmlbuilder-js\n\nAn XML builder for [node.js](http://nodejs.org/) similar to \n[java-xmlbuilder](http://code.google.com/p/java-xmlbuilder/).\n\n[![NPM version](https://badge.fury.io/js/xmlbuilder.png)](http://badge.fury.io/js/xmlbuilder)\n[![Build Status](https://secure.travis-ci.org/oozcitak/xmlbuilder-js.png)](http://travis-ci.org/oozcitak/xmlbuilder-js)\n[![Dependency Status](https://david-dm.org/oozcitak/xmlbuilder-js.png)](https://david-dm.org/oozcitak/xmlbuilder-js)\n\n### Installation:\n\n``` sh\nnpm install xmlbuilder\n```\n\n### Usage:\n\n``` js\nvar builder = require(\'xmlbuilder\');\nvar xml = builder.create(\'root\')\n  .ele(\'xmlbuilder\', {\'for\': \'node-js\'})\n    .ele(\'repo\', {\'type\': \'git\'}, \'git://github.com/oozcitak/xmlbuilder-js.git\')\n  .end({ pretty: true});\n    \nconsole.log(xml);\n```\n\nwill result in:\n\n``` xml\n<?xml version="1.0"?>\n<root>\n  <xmlbuilder for="node-js">\n    <repo type="git">git://github.com/oozcitak/xmlbuilder-js.git</repo>\n  </xmlbuilder>\n</root>\n```\n\nIt is also possible to convert objects into nodes:\n\n``` js\nbuilder.create({\n  root: {\n    xmlbuilder: {\n      \'@for\': \'node-js\', // attributes start with @\n      repo: {\n        \'@type\': \'git\',\n        \'#text\': \'git://github.com/oozcitak/xmlbuilder-js.git\' // #text denotes element text\n      }\n    }\n  }\n});\n```\n\nIf you need to do some processing:\n\n``` js\nvar root = builder.create(\'squares\');\nroot.com(\'f(x) = x^2\');\nfor(var i = 1; i <= 5; i++)\n{\n  var item = root.ele(\'data\');\n  item.att(\'x\', i);\n  item.att(\'y\', i * i);\n}\n```\n\nThis will result in:\n\n``` xml\n<?xml version="1.0"?>\n<squares>\n  <!-- f(x) = x^2 -->\n  <data x="1" y="1"/>\n  <data x="2" y="4"/>\n  <data x="3" y="9"/>\n  <data x="4" y="16"/>\n  <data x="5" y="25"/>\n</squares>\n```\n\nSee the [wiki](https://github.com/oozcitak/xmlbuilder-js/wiki) for details.\n',
119 silly resolved     readmeFilename: 'README.md',
119 silly resolved     _id: 'xmlbuilder@2.2.1',
119 silly resolved     _from: 'xmlbuilder@2.2.1' } ]
120 info install lodash@2.4.1 into /Users/Q/Sites/scaffold/node_modules/grunt-scss-lint
121 info install xmlbuilder@2.2.1 into /Users/Q/Sites/scaffold/node_modules/grunt-scss-lint
122 info installOne lodash@2.4.1
123 info installOne xmlbuilder@2.2.1
124 info /Users/Q/Sites/scaffold/node_modules/grunt-scss-lint/node_modules/lodash unbuild
125 info /Users/Q/Sites/scaffold/node_modules/grunt-scss-lint/node_modules/xmlbuilder unbuild
126 verbose tar unpack /Users/Q/.npm/lodash/2.4.1/package.tgz
127 silly lockFile 43f51c1a-nt-scss-lint-node-modules-lodash tar:///Users/Q/Sites/scaffold/node_modules/grunt-scss-lint/node_modules/lodash
128 verbose lock tar:///Users/Q/Sites/scaffold/node_modules/grunt-scss-lint/node_modules/lodash /Users/Q/.npm/43f51c1a-nt-scss-lint-node-modules-lodash.lock
129 silly lockFile 03e44f82-s-Q-npm-lodash-2-4-1-package-tgz tar:///Users/Q/.npm/lodash/2.4.1/package.tgz
130 verbose lock tar:///Users/Q/.npm/lodash/2.4.1/package.tgz /Users/Q/.npm/03e44f82-s-Q-npm-lodash-2-4-1-package-tgz.lock
131 verbose tar unpack /Users/Q/.npm/xmlbuilder/2.2.1/package.tgz
132 silly lockFile 39b90463-css-lint-node-modules-xmlbuilder tar:///Users/Q/Sites/scaffold/node_modules/grunt-scss-lint/node_modules/xmlbuilder
133 verbose lock tar:///Users/Q/Sites/scaffold/node_modules/grunt-scss-lint/node_modules/xmlbuilder /Users/Q/.npm/39b90463-css-lint-node-modules-xmlbuilder.lock
134 silly lockFile db94fc40-npm-xmlbuilder-2-2-1-package-tgz tar:///Users/Q/.npm/xmlbuilder/2.2.1/package.tgz
135 verbose lock tar:///Users/Q/.npm/xmlbuilder/2.2.1/package.tgz /Users/Q/.npm/db94fc40-npm-xmlbuilder-2-2-1-package-tgz.lock
136 silly gunzTarPerm modes [ '755', '644' ]
137 silly gunzTarPerm modes [ '755', '644' ]
138 silly gunzTarPerm extractEntry package.json
139 silly gunzTarPerm extractEntry package.json
140 silly gunzTarPerm extractEntry README.md
141 silly gunzTarPerm extractEntry lodash.js
142 silly gunzTarPerm extractEntry .npmignore
143 silly gunzTarPerm extractEntry README.md
144 silly gunzTarPerm extractEntry LICENSE
145 silly gunzTarPerm extractEntry lib/XMLAttribute.js
146 silly gunzTarPerm extractEntry LICENSE.txt
147 silly gunzTarPerm extractEntry lib/XMLDTDElement.js
148 silly gunzTarPerm extractEntry lib/XMLDTDEntity.js
149 silly gunzTarPerm extractEntry lib/XMLDTDNotation.js
150 silly gunzTarPerm extractEntry lib/XMLDTDAttList.js
151 silly gunzTarPerm extractEntry lib/XMLDocType.js
152 silly gunzTarPerm extractEntry lib/XMLElement.js
153 silly gunzTarPerm extractEntry lib/XMLNode.js
154 silly gunzTarPerm extractEntry lib/XMLProcessingInstruction.js
155 silly gunzTarPerm extractEntry lib/XMLRaw.js
156 silly gunzTarPerm extractEntry lib/XMLComment.js
157 silly gunzTarPerm extractEntry lib/XMLStringifier.js
158 silly gunzTarPerm extractEntry lib/XMLCData.js
159 silly gunzTarPerm extractEntry lib/XMLText.js
160 silly gunzTarPerm extractEntry lib/XMLBuilder.js
161 silly gunzTarPerm extractEntry lib/index.js
162 silly gunzTarPerm extractEntry lib/XMLDeclaration.js
163 silly gunzTarPerm extractEntry dist/lodash.compat.js
164 silly gunzTarPerm extractEntry dist/lodash.compat.min.js
165 silly lockFile 39b90463-css-lint-node-modules-xmlbuilder tar:///Users/Q/Sites/scaffold/node_modules/grunt-scss-lint/node_modules/xmlbuilder
166 silly lockFile 39b90463-css-lint-node-modules-xmlbuilder tar:///Users/Q/Sites/scaffold/node_modules/grunt-scss-lint/node_modules/xmlbuilder
167 silly lockFile db94fc40-npm-xmlbuilder-2-2-1-package-tgz tar:///Users/Q/.npm/xmlbuilder/2.2.1/package.tgz
168 silly lockFile db94fc40-npm-xmlbuilder-2-2-1-package-tgz tar:///Users/Q/.npm/xmlbuilder/2.2.1/package.tgz
169 info preinstall xmlbuilder@2.2.1
170 verbose readDependencies using package.json deps
171 verbose readDependencies using package.json deps
172 verbose cache add [ 'lodash-node@~2.4.1', null ]
173 verbose cache add name=undefined spec="lodash-node@~2.4.1" args=["lodash-node@~2.4.1",null]
174 verbose parsed url { protocol: null,
174 verbose parsed url   slashes: null,
174 verbose parsed url   auth: null,
174 verbose parsed url   host: null,
174 verbose parsed url   port: null,
174 verbose parsed url   hostname: null,
174 verbose parsed url   hash: null,
174 verbose parsed url   search: null,
174 verbose parsed url   query: null,
174 verbose parsed url   pathname: 'lodash-node@~2.4.1',
174 verbose parsed url   path: 'lodash-node@~2.4.1',
174 verbose parsed url   href: 'lodash-node@~2.4.1' }
175 verbose cache add name="lodash-node" spec="~2.4.1" args=["lodash-node","~2.4.1"]
176 verbose parsed url { protocol: null,
176 verbose parsed url   slashes: null,
176 verbose parsed url   auth: null,
176 verbose parsed url   host: null,
176 verbose parsed url   port: null,
176 verbose parsed url   hostname: null,
176 verbose parsed url   hash: null,
176 verbose parsed url   search: null,
176 verbose parsed url   query: null,
176 verbose parsed url   pathname: '~2.4.1',
176 verbose parsed url   path: '~2.4.1',
176 verbose parsed url   href: '~2.4.1' }
177 verbose addNamed [ 'lodash-node', '~2.4.1' ]
178 verbose addNamed [ null, '>=2.4.1-0 <2.5.0-0' ]
179 silly lockFile fe3d9342-lodash-node-2-4-1 lodash-node@~2.4.1
180 verbose lock lodash-node@~2.4.1 /Users/Q/.npm/fe3d9342-lodash-node-2-4-1.lock
181 silly addNameRange { name: 'lodash-node',
181 silly addNameRange   range: '>=2.4.1-0 <2.5.0-0',
181 silly addNameRange   hasData: false }
182 verbose url raw lodash-node
183 verbose url resolving [ 'https://registry.npmjs.org/', './lodash-node' ]
184 verbose url resolved https://registry.npmjs.org/lodash-node
185 info trying registry request attempt 1 at 13:22:14
186 verbose etag "7NXUFWMEIXGCN9VXSLMITFVG3"
187 http GET https://registry.npmjs.org/lodash-node
188 silly gunzTarPerm extractEntry dist/lodash.js
189 silly gunzTarPerm extractEntry dist/lodash.min.js
190 silly gunzTarPerm extractEntry dist/lodash.underscore.js
191 silly gunzTarPerm extractEntry dist/lodash.underscore.min.js
192 silly lockFile 43f51c1a-nt-scss-lint-node-modules-lodash tar:///Users/Q/Sites/scaffold/node_modules/grunt-scss-lint/node_modules/lodash
193 silly lockFile 43f51c1a-nt-scss-lint-node-modules-lodash tar:///Users/Q/Sites/scaffold/node_modules/grunt-scss-lint/node_modules/lodash
194 silly lockFile 03e44f82-s-Q-npm-lodash-2-4-1-package-tgz tar:///Users/Q/.npm/lodash/2.4.1/package.tgz
195 silly lockFile 03e44f82-s-Q-npm-lodash-2-4-1-package-tgz tar:///Users/Q/.npm/lodash/2.4.1/package.tgz
196 info preinstall lodash@2.4.1
197 verbose readDependencies using package.json deps
198 verbose readDependencies using package.json deps
199 silly resolved []
200 verbose about to build /Users/Q/Sites/scaffold/node_modules/grunt-scss-lint/node_modules/lodash
201 info build /Users/Q/Sites/scaffold/node_modules/grunt-scss-lint/node_modules/lodash
202 verbose linkStuff [ false,
202 verbose linkStuff   false,
202 verbose linkStuff   false,
202 verbose linkStuff   '/Users/Q/Sites/scaffold/node_modules/grunt-scss-lint/node_modules' ]
203 info linkStuff lodash@2.4.1
204 verbose linkBins lodash@2.4.1
205 verbose linkMans lodash@2.4.1
206 verbose rebuildBundles lodash@2.4.1
207 info install lodash@2.4.1
208 info postinstall lodash@2.4.1
209 http 304 https://registry.npmjs.org/lodash-node
210 silly registry.get cb [ 304,
210 silly registry.get   { date: 'Sun, 01 Jun 2014 19:22:14 GMT',
210 silly registry.get     server: 'Apache',
210 silly registry.get     via: '1.1 varnish',
210 silly registry.get     'last-modified': 'Sun, 01 Jun 2014 19:22:14 GMT',
210 silly registry.get     'cache-control': 'max-age=1',
210 silly registry.get     etag: '"7NXUFWMEIXGCN9VXSLMITFVG3"',
210 silly registry.get     'x-served-by': 'cache-c99-CHI',
210 silly registry.get     'x-cache': 'MISS',
210 silly registry.get     'x-cache-hits': '0',
210 silly registry.get     'x-timer': 'S1401650534.846774,VS0,VE107',
210 silly registry.get     vary: 'Accept',
210 silly registry.get     'content-length': '0',
210 silly registry.get     'keep-alive': 'timeout=10, max=50',
210 silly registry.get     connection: 'Keep-Alive' } ]
211 verbose etag lodash-node from cache
212 silly addNameRange number 2 { name: 'lodash-node',
212 silly addNameRange   range: '>=2.4.1-0 <2.5.0-0',
212 silly addNameRange   hasData: true }
213 silly addNameRange versions [ 'lodash-node',
213 silly addNameRange   [ '2.0.0', '2.1.0', '2.2.0', '2.2.1', '2.3.0', '2.4.0', '2.4.1' ] ]
214 verbose addNamed [ 'lodash-node', '2.4.1' ]
215 verbose addNamed [ '2.4.1', '2.4.1' ]
216 silly lockFile 624dae70-lodash-node-2-4-1 lodash-node@2.4.1
217 verbose lock lodash-node@2.4.1 /Users/Q/.npm/624dae70-lodash-node-2-4-1.lock
218 silly lockFile 624dae70-lodash-node-2-4-1 lodash-node@2.4.1
219 silly lockFile 624dae70-lodash-node-2-4-1 lodash-node@2.4.1
220 silly lockFile fe3d9342-lodash-node-2-4-1 lodash-node@~2.4.1
221 silly lockFile fe3d9342-lodash-node-2-4-1 lodash-node@~2.4.1
222 silly resolved [ { name: 'lodash-node',
222 silly resolved     version: '2.4.1',
222 silly resolved     description: 'A collection of Lo-Dash methods as Node.js modules generated by lodash-cli.',
222 silly resolved     homepage: 'http://lodash.com/custom-builds',
222 silly resolved     license: 'MIT',
222 silly resolved     main: 'modern/index.js',
222 silly resolved     keywords: [ 'customize', 'functional', 'lodash', 'modules', 'server', 'util' ],
222 silly resolved     author:
222 silly resolved      { name: 'John-David Dalton',
222 silly resolved        email: 'john.david.dalton@gmail.com',
222 silly resolved        url: 'http://allyoucanleet.com/' },
222 silly resolved     contributors: [ [Object], [Object], [Object], [Object] ],
222 silly resolved     bugs: { url: 'https://github.com/lodash/lodash-cli/issues' },
222 silly resolved     repository:
222 silly resolved      { type: 'git',
222 silly resolved        url: 'https://github.com/lodash/lodash-node.git' },
222 silly resolved     readme: '# lodash-node v2.4.1\n\nA collection of [Lo-Dash](http://lodash.com/) methods as [Node.js](http://nodejs.org/) modules generated by [lodash-cli](https://npmjs.org/package/lodash-cli).\n\n## Installation & usage\n\nUsing [`npm`](http://npmjs.org/):\n\n```bash\nnpm i --save lodash-node\n\n{sudo} npm i -g lodash-node\nnpm ln lodash-node\n```\n\nIn Node.js:\n\n```js\nvar _ = require(\'lodash-node\');\n\n// or as Underscore\nvar _ = require(\'lodash-node/underscore\');\n\n// or by method category\nvar collections = require(\'lodash-node/modern/collections\');\n\n// or individual methods\nvar isEqual = require(\'lodash-node/modern/objects/isEqual\');\nvar findWhere = require(\'lodash-node/underscore/collections/findWhere\');\n```\n\n## Author\n\n| [![twitter/jdalton](http://gravatar.com/avatar/299a3d891ff1920b69c364d061007043?s=70)](https://twitter.com/jdalton "Follow @jdalton on Twitter") |\n|---|\n| [John-David Dalton](http://allyoucanleet.com/) |\n\n## Contributors\n\n| [![twitter/blainebublitz](http://gravatar.com/avatar/ac1c67fd906c9fecd823ce302283b4c1?s=70)](https://twitter.com/blainebublitz "Follow @BlaineBublitz on Twitter") | [![twitter/kitcambridge](http://gravatar.com/avatar/6662a1d02f351b5ef2f8b4d815804661?s=70)](https://twitter.com/kitcambridge "Follow @kitcambridge on Twitter") | [![twitter/mathias](http://gravatar.com/avatar/24e08a9ea84deb17ae121074d0f17125?s=70)](https://twitter.com/mathias "Follow @mathias on Twitter") |\n|---|---|---|\n| [Blaine Bublitz](http://www.iceddev.com/) | [Kit Cambridge](http://kitcambridge.be/) | [Mathias Bynens](http://mathiasbynens.be/) |\n\n[![Bitdeli Badge](https://d2weczhvl823v0.cloudfront.net/lodash/lodash-node/trend.png)](https://bitdeli.com/free "Bitdeli Badge")\n',
222 silly resolved     readmeFilename: 'README.md',
222 silly resolved     _id: 'lodash-node@2.4.1',
222 silly resolved     _from: 'lodash-node@~2.4.1' } ]
223 info install lodash-node@2.4.1 into /Users/Q/Sites/scaffold/node_modules/grunt-scss-lint/node_modules/xmlbuilder
224 info installOne lodash-node@2.4.1
225 info /Users/Q/Sites/scaffold/node_modules/grunt-scss-lint/node_modules/xmlbuilder/node_modules/lodash-node unbuild
226 verbose tar unpack /Users/Q/.npm/lodash-node/2.4.1/package.tgz
227 silly lockFile ab083e45-builder-node-modules-lodash-node tar:///Users/Q/Sites/scaffold/node_modules/grunt-scss-lint/node_modules/xmlbuilder/node_modules/lodash-node
228 verbose lock tar:///Users/Q/Sites/scaffold/node_modules/grunt-scss-lint/node_modules/xmlbuilder/node_modules/lodash-node /Users/Q/.npm/ab083e45-builder-node-modules-lodash-node.lock
229 silly lockFile d18ac72d-pm-lodash-node-2-4-1-package-tgz tar:///Users/Q/.npm/lodash-node/2.4.1/package.tgz
230 verbose lock tar:///Users/Q/.npm/lodash-node/2.4.1/package.tgz /Users/Q/.npm/d18ac72d-pm-lodash-node-2-4-1-package-tgz.lock
231 silly gunzTarPerm modes [ '755', '644' ]
232 silly gunzTarPerm extractEntry package.json
233 silly gunzTarPerm extractEntry README.md
234 silly gunzTarPerm extractEntry LICENSE.txt
235 silly gunzTarPerm extractEntry compat/utilities.js
236 silly gunzTarPerm extractEntry compat/support.js
237 silly gunzTarPerm extractEntry compat/chaining.js
238 silly gunzTarPerm extractEntry compat/objects.js
239 silly gunzTarPerm extractEntry compat/collections.js
240 silly gunzTarPerm extractEntry compat/index.js
241 silly gunzTarPerm extractEntry compat/arrays.js
242 silly gunzTarPerm extractEntry compat/functions.js
243 silly gunzTarPerm extractEntry compat/functions/after.js
244 silly gunzTarPerm extractEntry compat/functions/compose.js
245 silly gunzTarPerm extractEntry compat/functions/createCallback.js
246 silly gunzTarPerm extractEntry compat/functions/curry.js
247 silly gunzTarPerm extractEntry compat/functions/debounce.js
248 silly gunzTarPerm extractEntry compat/functions/bindKey.js
249 silly gunzTarPerm extractEntry compat/functions/delay.js
250 silly gunzTarPerm extractEntry compat/functions/memoize.js
251 silly gunzTarPerm extractEntry compat/functions/once.js
252 silly gunzTarPerm extractEntry compat/functions/partial.js
253 silly gunzTarPerm extractEntry compat/functions/partialRight.js
254 silly gunzTarPerm extractEntry compat/functions/bindAll.js
255 silly gunzTarPerm extractEntry compat/functions/throttle.js
256 silly gunzTarPerm extractEntry compat/functions/bind.js
257 silly gunzTarPerm extractEntry compat/functions/wrap.js
258 silly gunzTarPerm extractEntry compat/functions/defer.js
259 silly gunzTarPerm extractEntry compat/internals/arrayPool.js
260 silly gunzTarPerm extractEntry compat/internals/defaultsIteratorOptions.js
261 silly gunzTarPerm extractEntry compat/internals/eachIteratorOptions.js
262 silly gunzTarPerm extractEntry compat/internals/escapeHtmlChar.js
263 silly gunzTarPerm extractEntry compat/internals/createWrapper.js
264 silly gunzTarPerm extractEntry compat/internals/forOwnIteratorOptions.js
265 silly gunzTarPerm extractEntry compat/internals/getArray.js
266 silly gunzTarPerm extractEntry compat/internals/getObject.js
267 silly gunzTarPerm extractEntry compat/internals/htmlEscapes.js
268 silly gunzTarPerm extractEntry compat/internals/htmlUnescapes.js
269 silly gunzTarPerm extractEntry compat/internals/createIterator.js
270 silly gunzTarPerm extractEntry compat/internals/indicatorObject.js
271 silly gunzTarPerm extractEntry compat/internals/createCache.js
272 silly gunzTarPerm extractEntry compat/internals/isNative.js
273 silly gunzTarPerm extractEntry compat/internals/createAggregator.js
274 silly gunzTarPerm extractEntry compat/internals/isNode.js
275 silly gunzTarPerm extractEntry compat/internals/compareAscending.js
276 silly gunzTarPerm extractEntry compat/internals/iteratorTemplate.js
277 silly gunzTarPerm extractEntry compat/internals/charAtCallback.js
278 silly gunzTarPerm extractEntry compat/internals/keyPrefix.js
279 silly gunzTarPerm extractEntry compat/internals/cachePush.js
280 silly gunzTarPerm extractEntry compat/internals/largeArraySize.js
281 silly gunzTarPerm extractEntry compat/internals/cacheIndexOf.js
282 silly gunzTarPerm extractEntry compat/internals/lodashWrapper.js
283 silly gunzTarPerm extractEntry compat/internals/baseUniq.js
284 silly gunzTarPerm extractEntry compat/internals/maxPoolSize.js
285 silly gunzTarPerm extractEntry compat/internals/baseRandom.js
286 silly gunzTarPerm extractEntry compat/internals/objectPool.js
287 silly gunzTarPerm extractEntry compat/internals/baseMerge.js
288 silly gunzTarPerm extractEntry compat/internals/objectTypes.js
289 silly gunzTarPerm extractEntry compat/internals/baseIsEqual.js
290 silly gunzTarPerm extractEntry compat/internals/reEscapedHtml.js
291 silly gunzTarPerm extractEntry compat/internals/baseIndexOf.js
292 silly gunzTarPerm extractEntry compat/internals/reInterpolate.js
293 silly gunzTarPerm extractEntry compat/internals/baseFlatten.js
294 silly gunzTarPerm extractEntry compat/internals/reUnescapedHtml.js
295 silly gunzTarPerm extractEntry compat/internals/baseEach.js
296 silly gunzTarPerm extractEntry compat/internals/releaseArray.js
297 silly gunzTarPerm extractEntry compat/internals/baseDifference.js
298 silly gunzTarPerm extractEntry compat/internals/releaseObject.js
299 silly gunzTarPerm extractEntry compat/internals/baseCreateWrapper.js
300 silly gunzTarPerm extractEntry compat/internals/setBindData.js
301 silly gunzTarPerm extractEntry compat/internals/baseCreateCallback.js
302 silly gunzTarPerm extractEntry compat/internals/shimIsPlainObject.js
303 silly gunzTarPerm extractEntry compat/internals/baseCreate.js
304 silly gunzTarPerm extractEntry compat/internals/shimKeys.js
305 silly gunzTarPerm extractEntry compat/internals/baseClone.js
306 silly gunzTarPerm extractEntry compat/internals/slice.js
307 silly gunzTarPerm extractEntry compat/internals/baseBind.js
308 silly gunzTarPerm extractEntry compat/internals/unescapeHtmlChar.js
309 silly gunzTarPerm extractEntry compat/internals/escapeStringChar.js
310 silly gunzTarPerm extractEntry compat/objects/assign.js
311 silly gunzTarPerm extractEntry compat/objects/isBoolean.js
312 silly gunzTarPerm extractEntry compat/objects/isDate.js
313 silly gunzTarPerm extractEntry compat/objects/isElement.js
314 silly gunzTarPerm extractEntry compat/objects/isArray.js
315 silly gunzTarPerm extractEntry compat/objects/isEqual.js
316 silly gunzTarPerm extractEntry compat/objects/isFinite.js
317 silly gunzTarPerm extractEntry compat/objects/isFunction.js
318 silly gunzTarPerm extractEntry compat/objects/isNaN.js
319 silly gunzTarPerm extractEntry compat/objects/isNull.js
320 silly gunzTarPerm extractEntry compat/objects/isArguments.js
321 silly gunzTarPerm extractEntry compat/objects/isNumber.js
322 silly gunzTarPerm extractEntry compat/objects/invert.js
323 silly gunzTarPerm extractEntry compat/objects/isObject.js
324 silly gunzTarPerm extractEntry compat/objects/has.js
325 silly gunzTarPerm extractEntry compat/objects/isPlainObject.js
326 silly gunzTarPerm extractEntry compat/objects/functions.js
327 silly gunzTarPerm extractEntry compat/objects/isRegExp.js
328 silly gunzTarPerm extractEntry compat/objects/forOwnRight.js
329 silly gunzTarPerm extractEntry compat/objects/isString.js
330 silly gunzTarPerm extractEntry compat/objects/forOwn.js
331 silly gunzTarPerm extractEntry compat/objects/isUndefined.js
332 silly gunzTarPerm extractEntry compat/objects/forInRight.js
333 silly gunzTarPerm extractEntry compat/objects/keys.js
334 silly gunzTarPerm extractEntry compat/objects/forIn.js
335 silly gunzTarPerm extractEntry compat/objects/mapValues.js
336 silly gunzTarPerm extractEntry compat/objects/findLastKey.js
337 silly gunzTarPerm extractEntry compat/objects/merge.js
338 silly gunzTarPerm extractEntry compat/objects/findKey.js
339 silly gunzTarPerm extractEntry compat/objects/omit.js
340 silly gunzTarPerm extractEntry compat/objects/defaults.js
341 silly gunzTarPerm extractEntry compat/objects/pairs.js
342 silly gunzTarPerm extractEntry compat/objects/create.js
343 silly gunzTarPerm extractEntry compat/objects/pick.js
344 silly gunzTarPerm extractEntry compat/objects/cloneDeep.js
345 silly gunzTarPerm extractEntry compat/objects/transform.js
346 silly gunzTarPerm extractEntry compat/objects/clone.js
347 silly gunzTarPerm extractEntry compat/objects/values.js
348 silly gunzTarPerm extractEntry compat/objects/isEmpty.js
349 silly gunzTarPerm extractEntry compat/collections/at.js
350 silly gunzTarPerm extractEntry compat/collections/groupBy.js
351 silly gunzTarPerm extractEntry compat/collections/indexBy.js
352 silly gunzTarPerm extractEntry compat/collections/invoke.js
353 silly gunzTarPerm extractEntry compat/collections/map.js
354 silly gunzTarPerm extractEntry compat/collections/forEachRight.js
355 silly gunzTarPerm extractEntry compat/collections/min.js
356 silly gunzTarPerm extractEntry compat/collections/pluck.js
357 silly gunzTarPerm extractEntry compat/collections/reduce.js
358 silly gunzTarPerm extractEntry compat/collections/reduceRight.js
359 silly gunzTarPerm extractEntry compat/collections/reject.js
360 silly gunzTarPerm extractEntry compat/collections/forEach.js
361 silly gunzTarPerm extractEntry compat/collections/sample.js
362 silly gunzTarPerm extractEntry compat/collections/findLast.js
363 silly gunzTarPerm extractEntry compat/collections/shuffle.js
364 silly gunzTarPerm extractEntry compat/collections/find.js
365 silly gunzTarPerm extractEntry compat/collections/size.js
366 silly gunzTarPerm extractEntry compat/collections/filter.js
367 silly gunzTarPerm extractEntry compat/collections/some.js
368 silly gunzTarPerm extractEntry compat/collections/every.js
369 silly gunzTarPerm extractEntry compat/collections/sortBy.js
370 silly gunzTarPerm extractEntry compat/collections/countBy.js
371 silly gunzTarPerm extractEntry compat/collections/toArray.js
372 silly gunzTarPerm extractEntry compat/collections/contains.js
373 silly gunzTarPerm extractEntry compat/collections/where.js
374 silly gunzTarPerm extractEntry compat/collections/max.js
375 silly gunzTarPerm extractEntry compat/chaining/chain.js
376 silly gunzTarPerm extractEntry compat/chaining/tap.js
377 silly gunzTarPerm extractEntry compat/chaining/wrapperChain.js
378 silly gunzTarPerm extractEntry compat/chaining/wrapperToString.js
379 silly gunzTarPerm extractEntry compat/chaining/wrapperValueOf.js
380 silly gunzTarPerm extractEntry compat/utilities/constant.js
381 silly gunzTarPerm extractEntry compat/utilities/noConflict.js
382 silly gunzTarPerm extractEntry compat/utilities/noop.js
383 silly gunzTarPerm extractEntry compat/utilities/now.js
384 silly gunzTarPerm extractEntry compat/utilities/parseInt.js
385 silly gunzTarPerm extractEntry compat/utilities/mixin.js
386 silly gunzTarPerm extractEntry compat/utilities/random.js
387 silly gunzTarPerm extractEntry compat/utilities/result.js
388 silly gunzTarPerm extractEntry compat/utilities/template.js
389 silly gunzTarPerm extractEntry compat/utilities/templateSettings.js
390 silly gunzTarPerm extractEntry compat/utilities/times.js
391 silly gunzTarPerm extractEntry compat/utilities/identity.js
392 silly gunzTarPerm extractEntry compat/utilities/unescape.js
393 silly gunzTarPerm extractEntry compat/utilities/escape.js
394 silly gunzTarPerm extractEntry compat/utilities/uniqueId.js
395 silly gunzTarPerm extractEntry compat/utilities/property.js
396 silly gunzTarPerm extractEntry compat/arrays/compact.js
397 silly gunzTarPerm extractEntry compat/arrays/initial.js
398 silly gunzTarPerm extractEntry compat/arrays/intersection.js
399 silly gunzTarPerm extractEntry compat/arrays/last.js
400 silly gunzTarPerm extractEntry compat/arrays/lastIndexOf.js
401 silly gunzTarPerm extractEntry compat/arrays/indexOf.js
402 silly gunzTarPerm extractEntry compat/arrays/range.js
403 silly gunzTarPerm extractEntry compat/arrays/remove.js
404 silly gunzTarPerm extractEntry compat/arrays/rest.js
405 silly gunzTarPerm extractEntry compat/arrays/sortedIndex.js
406 silly gunzTarPerm extractEntry compat/arrays/union.js
407 silly gunzTarPerm extractEntry compat/arrays/flatten.js
408 silly gunzTarPerm extractEntry compat/arrays/uniq.js
409 silly gunzTarPerm extractEntry compat/arrays/first.js
410 silly gunzTarPerm extractEntry compat/arrays/without.js
411 silly gunzTarPerm extractEntry compat/arrays/findLastIndex.js
412 silly gunzTarPerm extractEntry compat/arrays/xor.js
413 silly gunzTarPerm extractEntry compat/arrays/findIndex.js
414 silly gunzTarPerm extractEntry compat/arrays/zip.js
415 silly gunzTarPerm extractEntry compat/arrays/difference.js
416 silly gunzTarPerm extractEntry compat/arrays/zipObject.js
417 silly gunzTarPerm extractEntry compat/arrays/pull.js
418 silly gunzTarPerm extractEntry modern/utilities.js
419 silly gunzTarPerm extractEntry modern/support.js
420 silly gunzTarPerm extractEntry modern/chaining.js
421 silly gunzTarPerm extractEntry modern/objects.js
422 silly gunzTarPerm extractEntry modern/collections.js
423 silly gunzTarPerm extractEntry modern/index.js
424 silly gunzTarPerm extractEntry modern/arrays.js
425 silly gunzTarPerm extractEntry modern/functions.js
426 silly gunzTarPerm extractEntry modern/functions/after.js
427 silly gunzTarPerm extractEntry modern/functions/compose.js
428 silly gunzTarPerm extractEntry modern/functions/createCallback.js
429 silly gunzTarPerm extractEntry modern/functions/curry.js
430 silly gunzTarPerm extractEntry modern/functions/debounce.js
431 silly gunzTarPerm extractEntry modern/functions/bindKey.js
432 silly gunzTarPerm extractEntry modern/functions/delay.js
433 silly gunzTarPerm extractEntry modern/functions/memoize.js
434 silly gunzTarPerm extractEntry modern/functions/once.js
435 silly gunzTarPerm extractEntry modern/functions/partial.js
436 silly gunzTarPerm extractEntry modern/functions/partialRight.js
437 silly gunzTarPerm extractEntry modern/functions/bindAll.js
438 silly gunzTarPerm extractEntry modern/functions/throttle.js
439 silly gunzTarPerm extractEntry modern/functions/bind.js
440 silly gunzTarPerm extractEntry modern/functions/wrap.js
441 silly gunzTarPerm extractEntry modern/functions/defer.js
442 silly gunzTarPerm extractEntry modern/internals/arrayPool.js
443 silly gunzTarPerm extractEntry modern/internals/createCache.js
444 silly gunzTarPerm extractEntry modern/internals/createWrapper.js
445 silly gunzTarPerm extractEntry modern/internals/escapeHtmlChar.js
446 silly gunzTarPerm extractEntry modern/internals/createAggregator.js
447 silly gunzTarPerm extractEntry modern/internals/getArray.js
448 silly gunzTarPerm extractEntry modern/internals/getObject.js
449 silly gunzTarPerm extractEntry modern/internals/htmlEscapes.js
450 silly gunzTarPerm extractEntry modern/internals/htmlUnescapes.js
451 silly gunzTarPerm extractEntry modern/internals/isNative.js
452 silly gunzTarPerm extractEntry modern/internals/compareAscending.js
453 silly gunzTarPerm extractEntry modern/internals/keyPrefix.js
454 silly gunzTarPerm extractEntry modern/internals/charAtCallback.js
455 silly gunzTarPerm extractEntry modern/internals/largeArraySize.js
456 silly gunzTarPerm extractEntry modern/internals/cachePush.js
457 silly gunzTarPerm extractEntry modern/internals/lodashWrapper.js
458 silly gunzTarPerm extractEntry modern/internals/cacheIndexOf.js
459 silly gunzTarPerm extractEntry modern/internals/maxPoolSize.js
460 silly gunzTarPerm extractEntry modern/internals/baseUniq.js
461 silly gunzTarPerm extractEntry modern/internals/objectPool.js
462 silly gunzTarPerm extractEntry modern/internals/baseRandom.js
463 silly gunzTarPerm extractEntry modern/internals/objectTypes.js
464 silly gunzTarPerm extractEntry modern/internals/baseMerge.js
465 silly gunzTarPerm extractEntry modern/internals/reEscapedHtml.js
466 silly gunzTarPerm extractEntry modern/internals/baseIsEqual.js
467 silly gunzTarPerm extractEntry modern/internals/reInterpolate.js
468 silly gunzTarPerm extractEntry modern/internals/baseIndexOf.js
469 silly gunzTarPerm extractEntry modern/internals/reUnescapedHtml.js
470 silly gunzTarPerm extractEntry modern/internals/baseFlatten.js
471 silly gunzTarPerm extractEntry modern/internals/releaseArray.js
472 silly gunzTarPerm extractEntry modern/internals/baseDifference.js
473 silly gunzTarPerm extractEntry modern/internals/releaseObject.js
474 silly gunzTarPerm extractEntry modern/internals/baseCreateWrapper.js
475 silly gunzTarPerm extractEntry modern/internals/setBindData.js
476 silly gunzTarPerm extractEntry modern/internals/baseCreateCallback.js
477 silly gunzTarPerm extractEntry modern/internals/shimIsPlainObject.js
478 silly gunzTarPerm extractEntry modern/internals/baseCreate.js
479 silly gunzTarPerm extractEntry modern/internals/shimKeys.js
480 silly gunzTarPerm extractEntry modern/internals/baseClone.js
481 silly gunzTarPerm extractEntry modern/internals/slice.js
482 silly gunzTarPerm extractEntry modern/internals/baseBind.js
483 silly gunzTarPerm extractEntry modern/internals/unescapeHtmlChar.js
484 silly gunzTarPerm extractEntry modern/internals/escapeStringChar.js
485 silly gunzTarPerm extractEntry modern/objects/assign.js
486 silly gunzTarPerm extractEntry modern/objects/isBoolean.js
487 silly gunzTarPerm extractEntry modern/objects/isDate.js
488 silly gunzTarPerm extractEntry modern/objects/isElement.js
489 silly gunzTarPerm extractEntry modern/objects/isArray.js
490 silly gunzTarPerm extractEntry modern/objects/isEqual.js
491 silly gunzTarPerm extractEntry modern/objects/isFinite.js
492 silly gunzTarPerm extractEntry modern/objects/isFunction.js
493 silly gunzTarPerm extractEntry modern/objects/isNaN.js
494 silly gunzTarPerm extractEntry modern/objects/isNull.js
495 silly gunzTarPerm extractEntry modern/objects/isArguments.js
496 silly gunzTarPerm extractEntry modern/objects/isNumber.js
497 silly gunzTarPerm extractEntry modern/objects/invert.js
498 silly gunzTarPerm extractEntry modern/objects/isObject.js
499 silly gunzTarPerm extractEntry modern/objects/has.js
500 silly gunzTarPerm extractEntry modern/objects/isPlainObject.js
501 silly gunzTarPerm extractEntry modern/objects/functions.js
502 silly gunzTarPerm extractEntry modern/objects/isRegExp.js
503 silly gunzTarPerm extractEntry modern/objects/forOwnRight.js
504 silly gunzTarPerm extractEntry modern/objects/isString.js
505 silly gunzTarPerm extractEntry modern/objects/forOwn.js
506 silly gunzTarPerm extractEntry modern/objects/isUndefined.js
507 silly gunzTarPerm extractEntry modern/objects/forInRight.js
508 silly gunzTarPerm extractEntry modern/objects/keys.js
509 silly gunzTarPerm extractEntry modern/objects/forIn.js
510 silly gunzTarPerm extractEntry modern/objects/mapValues.js
511 silly gunzTarPerm extractEntry modern/objects/findLastKey.js
512 silly gunzTarPerm extractEntry modern/objects/merge.js
513 silly gunzTarPerm extractEntry modern/objects/findKey.js
514 silly gunzTarPerm extractEntry modern/objects/omit.js
515 silly gunzTarPerm extractEntry modern/objects/defaults.js
516 silly gunzTarPerm extractEntry modern/objects/pairs.js
517 silly gunzTarPerm extractEntry modern/objects/create.js
518 silly gunzTarPerm extractEntry modern/objects/pick.js
519 silly gunzTarPerm extractEntry modern/objects/cloneDeep.js
520 silly gunzTarPerm extractEntry modern/objects/transform.js
521 silly gunzTarPerm extractEntry modern/objects/clone.js
522 silly gunzTarPerm extractEntry modern/objects/values.js
523 silly gunzTarPerm extractEntry modern/objects/isEmpty.js
524 silly gunzTarPerm extractEntry modern/collections/at.js
525 silly gunzTarPerm extractEntry modern/collections/groupBy.js
526 silly gunzTarPerm extractEntry modern/collections/indexBy.js
527 silly gunzTarPerm extractEntry modern/collections/invoke.js
528 silly gunzTarPerm extractEntry modern/collections/map.js
529 silly gunzTarPerm extractEntry modern/collections/forEachRight.js
530 silly gunzTarPerm extractEntry modern/collections/min.js
531 silly gunzTarPerm extractEntry modern/collections/pluck.js
532 silly gunzTarPerm extractEntry modern/collections/reduce.js
533 silly gunzTarPerm extractEntry modern/collections/reduceRight.js
534 silly gunzTarPerm extractEntry modern/collections/reject.js
535 silly gunzTarPerm extractEntry modern/collections/forEach.js
536 silly gunzTarPerm extractEntry modern/collections/sample.js
537 silly gunzTarPerm extractEntry modern/collections/findLast.js
538 silly gunzTarPerm extractEntry modern/collections/shuffle.js
539 silly gunzTarPerm extractEntry modern/collections/find.js
540 silly gunzTarPerm extractEntry modern/collections/size.js
541 silly gunzTarPerm extractEntry modern/collections/filter.js
542 silly gunzTarPerm extractEntry modern/collections/some.js
543 silly gunzTarPerm extractEntry modern/collections/every.js
544 silly gunzTarPerm extractEntry modern/collections/sortBy.js
545 silly gunzTarPerm extractEntry modern/collections/countBy.js
546 silly gunzTarPerm extractEntry modern/collections/toArray.js
547 silly gunzTarPerm extractEntry modern/collections/contains.js
548 silly gunzTarPerm extractEntry modern/collections/where.js
549 silly gunzTarPerm extractEntry modern/collections/max.js
550 silly gunzTarPerm extractEntry modern/chaining/chain.js
551 silly gunzTarPerm extractEntry modern/chaining/tap.js
552 silly gunzTarPerm extractEntry modern/chaining/wrapperChain.js
553 silly gunzTarPerm extractEntry modern/chaining/wrapperToString.js
554 silly gunzTarPerm extractEntry modern/chaining/wrapperValueOf.js
555 silly gunzTarPerm extractEntry modern/utilities/constant.js
556 silly gunzTarPerm extractEntry modern/utilities/noConflict.js
557 silly gunzTarPerm extractEntry modern/utilities/noop.js
558 silly gunzTarPerm extractEntry modern/utilities/now.js
559 silly gunzTarPerm extractEntry modern/utilities/parseInt.js
560 silly gunzTarPerm extractEntry modern/utilities/mixin.js
561 silly gunzTarPerm extractEntry modern/utilities/random.js
562 silly gunzTarPerm extractEntry modern/utilities/result.js
563 silly gunzTarPerm extractEntry modern/utilities/template.js
564 silly gunzTarPerm extractEntry modern/utilities/templateSettings.js
565 silly gunzTarPerm extractEntry modern/utilities/times.js
566 silly gunzTarPerm extractEntry modern/utilities/identity.js
567 silly gunzTarPerm extractEntry modern/utilities/unescape.js
568 silly gunzTarPerm extractEntry modern/utilities/escape.js
569 silly gunzTarPerm extractEntry modern/utilities/uniqueId.js
570 silly gunzTarPerm extractEntry modern/utilities/property.js
571 silly gunzTarPerm extractEntry modern/arrays/compact.js
572 silly gunzTarPerm extractEntry modern/arrays/initial.js
573 silly gunzTarPerm extractEntry modern/arrays/intersection.js
574 silly gunzTarPerm extractEntry modern/arrays/last.js
575 silly gunzTarPerm extractEntry modern/arrays/lastIndexOf.js
576 silly gunzTarPerm extractEntry modern/arrays/indexOf.js
577 silly gunzTarPerm extractEntry modern/arrays/range.js
578 silly gunzTarPerm extractEntry modern/arrays/remove.js
579 silly gunzTarPerm extractEntry modern/arrays/rest.js
580 silly gunzTarPerm extractEntry modern/arrays/sortedIndex.js
581 silly gunzTarPerm extractEntry modern/arrays/union.js
582 silly gunzTarPerm extractEntry modern/arrays/flatten.js
583 silly gunzTarPerm extractEntry modern/arrays/uniq.js
584 silly gunzTarPerm extractEntry modern/arrays/first.js
585 silly gunzTarPerm extractEntry modern/arrays/without.js
586 silly gunzTarPerm extractEntry modern/arrays/findLastIndex.js
587 silly gunzTarPerm extractEntry modern/arrays/xor.js
588 silly gunzTarPerm extractEntry modern/arrays/findIndex.js
589 silly gunzTarPerm extractEntry modern/arrays/zip.js
590 silly gunzTarPerm extractEntry modern/arrays/difference.js
591 silly gunzTarPerm extractEntry modern/arrays/zipObject.js
592 silly gunzTarPerm extractEntry modern/arrays/pull.js
593 silly gunzTarPerm extractEntry underscore/utilities.js
594 silly gunzTarPerm extractEntry underscore/support.js
595 silly gunzTarPerm extractEntry underscore/chaining.js
596 silly gunzTarPerm extractEntry underscore/objects.js
597 silly gunzTarPerm extractEntry underscore/collections.js
598 silly gunzTarPerm extractEntry underscore/index.js
599 silly gunzTarPerm extractEntry underscore/arrays.js
600 silly gunzTarPerm extractEntry underscore/functions.js
601 silly gunzTarPerm extractEntry underscore/functions/after.js
602 silly gunzTarPerm extractEntry underscore/functions/compose.js
603 silly gunzTarPerm extractEntry underscore/functions/createCallback.js
604 silly gunzTarPerm extractEntry underscore/functions/debounce.js
605 silly gunzTarPerm extractEntry underscore/functions/bindAll.js
606 silly gunzTarPerm extractEntry underscore/functions/delay.js
607 silly gunzTarPerm extractEntry underscore/functions/memoize.js
608 silly gunzTarPerm extractEntry underscore/functions/once.js
609 silly gunzTarPerm extractEntry underscore/functions/partial.js
610 silly gunzTarPerm extractEntry underscore/functions/throttle.js
611 silly gunzTarPerm extractEntry underscore/functions/bind.js
612 silly gunzTarPerm extractEntry underscore/functions/wrap.js
613 silly gunzTarPerm extractEntry underscore/functions/defer.js
614 silly gunzTarPerm extractEntry underscore/internals/baseBind.js
615 silly gunzTarPerm extractEntry underscore/internals/compareAscending.js
616 silly gunzTarPerm extractEntry underscore/internals/createAggregator.js
617 silly gunzTarPerm extractEntry underscore/internals/createWrapper.js
618 silly gunzTarPerm extractEntry underscore/internals/escapeHtmlChar.js
619 silly gunzTarPerm extractEntry underscore/internals/baseUniq.js
620 silly gunzTarPerm extractEntry underscore/internals/htmlEscapes.js
621 silly gunzTarPerm extractEntry underscore/internals/htmlUnescapes.js
622 silly gunzTarPerm extractEntry underscore/internals/indicatorObject.js
623 silly gunzTarPerm extractEntry underscore/internals/isNative.js
624 silly gunzTarPerm extractEntry underscore/internals/keyPrefix.js
625 silly gunzTarPerm extractEntry underscore/internals/baseRandom.js
626 silly gunzTarPerm extractEntry underscore/internals/lodashWrapper.js
627 silly gunzTarPerm extractEntry underscore/internals/baseIsEqual.js
628 silly gunzTarPerm extractEntry underscore/internals/objectTypes.js
629 silly gunzTarPerm extractEntry underscore/internals/baseIndexOf.js
630 silly gunzTarPerm extractEntry underscore/internals/reEscapedHtml.js
631 silly gunzTarPerm extractEntry underscore/internals/baseFlatten.js
632 silly gunzTarPerm extractEntry underscore/internals/reInterpolate.js
633 silly gunzTarPerm extractEntry underscore/internals/baseDifference.js
634 silly gunzTarPerm extractEntry underscore/internals/reUnescapedHtml.js
635 silly gunzTarPerm extractEntry underscore/internals/baseCreateWrapper.js
636 silly gunzTarPerm extractEntry underscore/internals/shimKeys.js
637 silly gunzTarPerm extractEntry underscore/internals/baseCreateCallback.js
638 silly gunzTarPerm extractEntry underscore/internals/slice.js
639 silly gunzTarPerm extractEntry underscore/internals/baseCreate.js
640 silly gunzTarPerm extractEntry underscore/internals/unescapeHtmlChar.js
641 silly gunzTarPerm extractEntry underscore/internals/escapeStringChar.js
642 silly gunzTarPerm extractEntry underscore/objects/assign.js
643 silly gunzTarPerm extractEntry underscore/objects/isDate.js
644 silly gunzTarPerm extractEntry underscore/objects/isElement.js
645 silly gunzTarPerm extractEntry underscore/objects/isEmpty.js
646 silly gunzTarPerm extractEntry underscore/objects/isBoolean.js
647 silly gunzTarPerm extractEntry underscore/objects/isFinite.js
648 silly gunzTarPerm extractEntry underscore/objects/isFunction.js
649 silly gunzTarPerm extractEntry underscore/objects/isNaN.js
650 silly gunzTarPerm extractEntry underscore/objects/isNull.js
651 silly gunzTarPerm extractEntry underscore/objects/isNumber.js
652 silly gunzTarPerm extractEntry underscore/objects/isArray.js
653 silly gunzTarPerm extractEntry underscore/objects/isObject.js
654 silly gunzTarPerm extractEntry underscore/objects/isArguments.js
655 silly gunzTarPerm extractEntry underscore/objects/isRegExp.js
656 silly gunzTarPerm extractEntry underscore/objects/invert.js
657 silly gunzTarPerm extractEntry underscore/objects/isString.js
658 silly gunzTarPerm extractEntry underscore/objects/has.js
659 silly gunzTarPerm extractEntry underscore/objects/isUndefined.js
660 silly gunzTarPerm extractEntry underscore/objects/functions.js
661 silly gunzTarPerm extractEntry underscore/objects/keys.js
662 silly gunzTarPerm extractEntry underscore/objects/forOwn.js
663 silly gunzTarPerm extractEntry underscore/objects/omit.js
664 silly gunzTarPerm extractEntry underscore/objects/forIn.js
665 silly gunzTarPerm extractEntry underscore/objects/pairs.js
666 silly gunzTarPerm extractEntry underscore/objects/defaults.js
667 silly gunzTarPerm extractEntry underscore/objects/pick.js
668 silly gunzTarPerm extractEntry underscore/objects/clone.js
669 silly gunzTarPerm extractEntry underscore/objects/values.js
670 silly gunzTarPerm extractEntry underscore/objects/isEqual.js
671 silly gunzTarPerm extractEntry underscore/collections/contains.js
672 silly gunzTarPerm extractEntry underscore/collections/indexBy.js
673 silly gunzTarPerm extractEntry underscore/collections/invoke.js
674 silly gunzTarPerm extractEntry underscore/collections/map.js
675 silly gunzTarPerm extractEntry underscore/collections/groupBy.js
676 silly gunzTarPerm extractEntry underscore/collections/min.js
677 silly gunzTarPerm extractEntry underscore/collections/pluck.js
678 silly gunzTarPerm extractEntry underscore/collections/reduce.js
679 silly gunzTarPerm extractEntry underscore/collections/reduceRight.js
680 silly gunzTarPerm extractEntry underscore/collections/reject.js
681 silly gunzTarPerm extractEntry underscore/collections/forEachRight.js
682 silly gunzTarPerm extractEntry underscore/collections/sample.js
683 silly gunzTarPerm extractEntry underscore/collections/forEach.js
684 silly gunzTarPerm extractEntry underscore/collections/shuffle.js
685 silly gunzTarPerm extractEntry underscore/collections/findWhere.js
686 silly gunzTarPerm extractEntry underscore/collections/size.js
687 silly gunzTarPerm extractEntry underscore/collections/find.js
688 silly gunzTarPerm extractEntry underscore/collections/some.js
689 silly gunzTarPerm extractEntry underscore/collections/filter.js
690 silly gunzTarPerm extractEntry underscore/collections/sortBy.js
691 silly gunzTarPerm extractEntry underscore/collections/every.js
692 silly gunzTarPerm extractEntry underscore/collections/toArray.js
693 silly gunzTarPerm extractEntry underscore/collections/countBy.js
694 silly gunzTarPerm extractEntry underscore/collections/where.js
695 silly gunzTarPerm extractEntry underscore/collections/max.js
696 silly gunzTarPerm extractEntry underscore/chaining/chain.js
697 silly gunzTarPerm extractEntry underscore/chaining/tap.js
698 silly gunzTarPerm extractEntry underscore/chaining/wrapperChain.js
699 silly gunzTarPerm extractEntry underscore/chaining/wrapperValueOf.js
700 silly gunzTarPerm extractEntry underscore/utilities/escape.js
701 silly gunzTarPerm extractEntry underscore/utilities/noConflict.js
702 silly gunzTarPerm extractEntry underscore/utilities/noop.js
703 silly gunzTarPerm extractEntry underscore/utilities/now.js
704 silly gunzTarPerm extractEntry underscore/utilities/property.js
705 silly gunzTarPerm extractEntry underscore/utilities/mixin.js
706 silly gunzTarPerm extractEntry underscore/utilities/result.js
707 silly gunzTarPerm extractEntry underscore/utilities/template.js
708 silly gunzTarPerm extractEntry underscore/utilities/templateSettings.js
709 silly gunzTarPerm extractEntry underscore/utilities/times.js
710 silly gunzTarPerm extractEntry underscore/utilities/unescape.js
711 silly gunzTarPerm extractEntry underscore/utilities/identity.js
712 silly gunzTarPerm extractEntry underscore/utilities/uniqueId.js
713 silly gunzTarPerm extractEntry underscore/utilities/random.js
714 silly gunzTarPerm extractEntry underscore/arrays/compact.js
715 silly gunzTarPerm extractEntry underscore/arrays/initial.js
716 silly gunzTarPerm extractEntry underscore/arrays/intersection.js
717 silly gunzTarPerm extractEntry underscore/arrays/last.js
718 silly gunzTarPerm extractEntry underscore/arrays/indexOf.js
719 silly gunzTarPerm extractEntry underscore/arrays/range.js
720 silly gunzTarPerm extractEntry underscore/arrays/rest.js
721 silly gunzTarPerm extractEntry underscore/arrays/sortedIndex.js
722 silly gunzTarPerm extractEntry underscore/arrays/union.js
723 silly gunzTarPerm extractEntry underscore/arrays/uniq.js
724 silly gunzTarPerm extractEntry underscore/arrays/flatten.js
725 silly gunzTarPerm extractEntry underscore/arrays/without.js
726 silly gunzTarPerm extractEntry underscore/arrays/first.js
727 silly gunzTarPerm extractEntry underscore/arrays/zip.js
728 silly gunzTarPerm extractEntry underscore/arrays/difference.js
729 silly gunzTarPerm extractEntry underscore/arrays/zipObject.js
730 silly gunzTarPerm extractEntry underscore/arrays/lastIndexOf.js
731 silly lockFile ab083e45-builder-node-modules-lodash-node tar:///Users/Q/Sites/scaffold/node_modules/grunt-scss-lint/node_modules/xmlbuilder/node_modules/lodash-node
732 silly lockFile ab083e45-builder-node-modules-lodash-node tar:///Users/Q/Sites/scaffold/node_modules/grunt-scss-lint/node_modules/xmlbuilder/node_modules/lodash-node
733 silly lockFile d18ac72d-pm-lodash-node-2-4-1-package-tgz tar:///Users/Q/.npm/lodash-node/2.4.1/package.tgz
734 silly lockFile d18ac72d-pm-lodash-node-2-4-1-package-tgz tar:///Users/Q/.npm/lodash-node/2.4.1/package.tgz
735 info preinstall lodash-node@2.4.1
736 verbose readDependencies using package.json deps
737 verbose readDependencies using package.json deps
738 silly resolved []
739 verbose about to build /Users/Q/Sites/scaffold/node_modules/grunt-scss-lint/node_modules/xmlbuilder/node_modules/lodash-node
740 info build /Users/Q/Sites/scaffold/node_modules/grunt-scss-lint/node_modules/xmlbuilder/node_modules/lodash-node
741 verbose linkStuff [ false,
741 verbose linkStuff   false,
741 verbose linkStuff   false,
741 verbose linkStuff   '/Users/Q/Sites/scaffold/node_modules/grunt-scss-lint/node_modules/xmlbuilder/node_modules' ]
742 info linkStuff lodash-node@2.4.1
743 verbose linkBins lodash-node@2.4.1
744 verbose linkMans lodash-node@2.4.1
745 verbose rebuildBundles lodash-node@2.4.1
746 info install lodash-node@2.4.1
747 info postinstall lodash-node@2.4.1
748 verbose about to build /Users/Q/Sites/scaffold/node_modules/grunt-scss-lint/node_modules/xmlbuilder
749 info build /Users/Q/Sites/scaffold/node_modules/grunt-scss-lint/node_modules/xmlbuilder
750 verbose linkStuff [ false,
750 verbose linkStuff   false,
750 verbose linkStuff   false,
750 verbose linkStuff   '/Users/Q/Sites/scaffold/node_modules/grunt-scss-lint/node_modules' ]
751 info linkStuff xmlbuilder@2.2.1
752 verbose linkBins xmlbuilder@2.2.1
753 verbose linkMans xmlbuilder@2.2.1
754 verbose rebuildBundles xmlbuilder@2.2.1
755 verbose rebuildBundles [ 'lodash-node' ]
756 info install xmlbuilder@2.2.1
757 info postinstall xmlbuilder@2.2.1
758 verbose about to build /Users/Q/Sites/scaffold/node_modules/grunt-scss-lint
759 info build /Users/Q/Sites/scaffold/node_modules/grunt-scss-lint
760 verbose linkStuff [ false, false, false, '/Users/Q/Sites/scaffold/node_modules' ]
761 info linkStuff grunt-scss-lint@0.1.9
762 verbose linkBins grunt-scss-lint@0.1.9
763 verbose linkMans grunt-scss-lint@0.1.9
764 verbose rebuildBundles grunt-scss-lint@0.1.9
765 verbose rebuildBundles [ 'lodash', 'xmlbuilder' ]
766 info install grunt-scss-lint@0.1.9
767 info postinstall grunt-scss-lint@0.1.9
768 error peerinvalid The package grunt-contrib-compass does not satisfy its siblings' peerDependencies requirements!
768 error peerinvalid Peer grunt-contrib@0.9.0 wants grunt-contrib-compass@~0.7.0
769 error System Darwin 13.2.0
770 error command "node" "/usr/local/bin/npm" "install" "grunt-scss-lint"
771 error cwd /Users/Q/Sites/scaffold
772 error node -v v0.10.26
773 error npm -v 1.4.3
774 error code EPEERINVALID
775 verbose exit [ 1, true ]
